
as12, an absolute assembler for Motorola MCU's, version 1.2h

                        ;==============================================================================
                        ;Un arreglo es un conjunto de posiciones de memoria con direcciones consecutivas
                        ;Considere un arreglo de N datos a partir de la direccion DATOS, donde N es un valor
                        ;numérico conocido (no es una variable) con N<200. Los valores en el arreglo son
                        ;de 1 byte con signo. Escriba un programa en lenguaje ensamblador para el 9S12
                        ;que revise los N valores y copie los valores que siendo mayores de -50 sean
                        ;impares, a las localizaciones de memoria a partir de la posición MAYORES.
                        ;Utilice direccionamiento indexadoo por acumulador B, tanto para la lectura de
                        ;los valores como para su movimiento.
                        ;==============================================================================
                        ;                        Estructuras de Datos
1000                                            org $1000
000a                    N               EQU     10              ;tamano del arreglo
ffce                    UMBRAL          EQU     -50             ;umbral definido por la aplicacion
2000                    PROG            EQU     $2000           ;Direccion inicio del programa
1000 07 01 03 00 04 06  ADRS            db      $07,$01,$03,$00,$04,$06,$05,$07,$08,$09    ;un arreglo de 10 datos para prueba, podria definirse como ADRS ds N
     05 07 08 09
1200                                            org $1200
1200                    MAYORES         ds      N               ; arreglo destino de los datos, de tamano maximo N
                        ;;==============================================================================
2000                                            org PROG
2000 ce 10 00                           ldx  #ADRS               ;cargar direccion inicio del arreglo en indice X
2003 c6 0a                              ldab #N                  ;se inicializa el contador CON EL ACUMULADOR B = N (10 en este caso)
2005 53                                 decb                     ;se carga N-1 en B
2006 cd 12 00           		ldy  #MAYORES            ;cargar en Y direcicon de arreglo destino para los datos que cumplen las condiciones
2009 19 ed                              aby                      ;se inicia en ADRS+N-1, es el ultimo elemento del array. Barrido decreciente
200b                    Lazo:
200b a6 e5                              ldaa b,X                ;carga X con index por acum B: EA X+b
200d b1 ff ce                           cmpa UMBRAL             ;Primer condicion, Se compara con el umbral establecido (-50)
2010 2d 0a                              blt FIN                 ;si es menor que -50(no cumple) salta a fin para siguiente dato o final
2012 0f e5 01 06                        brclr b,X,$01,FIN       ;segunda condicion, si no tiene el seteado el primer bit (LSB=0) significa que es par, por tanto se salta a FIN
                                  	                        ;Si no salta, es impar(LSB=1)
2016 18 0a e5 7f                        movb b,X,1,Y-          ;se aplica la copia/el traslado de los datos a la posicion destino
201a 20 00                              bra FIN                 ;salta a comprobacion de fin
201c                    FIN:
201c 04 31 ec                           dbne b,lazo             ;se comprueba si se llego al final del arreglo, si b no es cero aun, se salta a lazo para siguiente dato
201f 20 fe                              bra *                   ;fin de programa

Executed: Sat May 22 18:31:28 2021
Total cycles: 34, Total bytes: 43
Total errors: 0, Total warnings: 0
