
as12, an absolute assembler for Motorola MCU's, version 1.2h

                        ;=============================================================================
                        ;       PROBLEMA #2 - MODOS DE DIRECCIONAMIENTO
                        ; A partir de la posición de memoria Tabla_ADRS se han colocado las direcciones de L
                        ; variables, donde L es una cantidad menor que 2500. Estas variables tienen datos de 1
                        ; byte sin signo. Se deben colocar aquellas variables que contienen al menos 1 uno en
                        ; un arreglo ubicado a partir de la posición UNOS. Realice un programa que satisfaga
                        ; este requerimiento utilizando direccionamiento indirecto indexado
                        ;
                        ;============================================================================
                        ; Notas:
                        ;===========================================================================
                        ; VERSION B:
                        
1000                                            org $1000
000a                    L               EQU     10              ; cantidad de datos a analizar, tamano de arreglo  < 2500
1000                    Tabla_ADRS      ds 	L               ; arreglo fuente de datos ;
100a                    temp            ds      1
1100                                            org $1100
1100                    UNOS		ds	L               ; arreglo destino para valores que cumplen la condicion
1500                                            org $1500
1500 ce 10 00                   ldx #Tabla_ADRS
1503 cd 11 00                   ldy #UNOS     			; direccionamiento inmediato
1506 d6 0a                      ldab L                          ; Se carga en b L, como contador
1508 7b 10 0a                   stab temp
150b cc 00 00           	ldd #$00        		; se inicializa acum a para direccionamiento
                        
150e                    fin:
150e f6 10 0a                   ldab temp
1511 04 21 02                   dbne b,siguiente
1514 20 fe                      bra *
                                
1516                    Siguiente:
1516 7b 10 0a                   stab temp
1519 cc 00 00           	ldd #$00
151c a6 30                      ldaa 1,x+
151e 09                         dex
NoCerosArreglo.asm:37: Warning - Missing expression, value of 0 assumed
151f 91 00              	cmpa
1521 26 03              	bne tiene_unos
1523 08                         inx                             ; Si no se cae en ningu caso, se pasa al siguiente dato
1524 20 e8                      bra fin
                                
1526                    tiene_unos;
1526 18 0a 00 40                movb 0,X,0,Y               ; Mueve el byte dato analizado al arreglo patron almacenado en Y con direciconamiento indexado ;
152a 02                         iny
152b 08                         inx
152c 20 e0              	bra fin

Executed: Fri May 21 22:23:45 2021
Total cycles: 50, Total bytes: 46
Total errors: 0, Total warnings: 1
